<?xml version="1.0" encoding="UTF-8"?>
<testng-results ignored="0" total="0" passed="0" failed="0" skipped="0">
  <reporter-output>
  </reporter-output>
  <suite started-at="2022-10-02T19:30:27 WAT" name="Surefire suite" finished-at="2022-10-02T19:31:23 WAT" duration-ms="56165">
    <groups>
    </groups>
    <test started-at="2022-10-02T19:30:27 WAT" name="Surefire test" finished-at="2022-10-02T19:31:23 WAT" duration-ms="56165">
    </test> <!-- Surefire test -->
  </suite> <!-- Surefire suite -->
</testng-results>
