[
  {
    "line": 3,
    "elements": [
      {
        "start_timestamp": "2022-10-03T22:46:03.114Z",
        "line": 16,
        "name": "check login is refused with Invalid credentiels",
        "description": "",
        "id": "feature-to-test-authentification-functionnality;check-login-is-refused-with-invalid-credentiels;;2",
        "type": "scenario",
        "keyword": "Scenario Outline",
        "steps": [
          {
            "result": {
              "duration": 11188440400,
              "status": "passed"
            },
            "line": 7,
            "name": "user is on login page",
            "match": {
              "location": "StepsDefinitions.AuthentificationSteps_POM.user_is_on_login_page()"
            },
            "keyword": "Given "
          },
          {
            "result": {
              "error_message": "org.openqa.selenium.NoSuchElementException: An element could not be located on the page using the given search parameters.\nFor documentation on this error, please visit: https://selenium.dev/exceptions/#no_such_element\nBuild info: version: \u00274.5.0\u0027, revision: \u0027fe167b119a\u0027\nSystem info: os.name: \u0027Windows 10\u0027, os.arch: \u0027amd64\u0027, os.version: \u002710.0\u0027, java.version: \u002711.0.13\u0027\nDriver info: io.appium.java_client.android.AndroidDriver\nCommand: [a7713dc1-7d33-4891-adff-a2faaaef4893, findElement {using\u003did, value\u003dcom.iplabel.ekaraoncall:id/editLoginekara}]\nCapabilities {appium:app: C:\\Users\\Nihel\\eclipse-work..., appium:appPackage: com.iplabel.ekaraoncall, appium:databaseEnabled: false, appium:desired: {app: C:\\Users\\Nihel\\eclipse-work..., deviceName: Galaxy A50, newCommandTimeout: 180, platformName: android, platformVersion: 11, udid: R58M33X6VHV}, appium:deviceApiLevel: 30, appium:deviceManufacturer: samsung, appium:deviceModel: SM-A505FN, appium:deviceName: R58M33X6VHV, appium:deviceScreenDensity: 420, appium:deviceScreenSize: 1080x2340, appium:deviceUDID: R58M33X6VHV, appium:javascriptEnabled: true, appium:locationContextEnabled: false, appium:networkConnectionEnabled: true, appium:newCommandTimeout: 180, appium:pixelRatio: 2.625, appium:platformVersion: 11, appium:statBarHeight: 83, appium:takesScreenshot: true, appium:udid: R58M33X6VHV, appium:viewportRect: {height: 2048, left: 0, top: 83, width: 1080}, appium:warnings: {}, appium:webStorageEnabled: false, platformName: ANDROID}\nSession ID: a7713dc1-7d33-4891-adff-a2faaaef4893\r\n\tat java.base/jdk.internal.reflect.NativeConstructorAccessorImpl.newInstance0(Native Method)\r\n\tat java.base/jdk.internal.reflect.NativeConstructorAccessorImpl.newInstance(NativeConstructorAccessorImpl.java:62)\r\n\tat java.base/jdk.internal.reflect.DelegatingConstructorAccessorImpl.newInstance(DelegatingConstructorAccessorImpl.java:45)\r\n\tat java.base/java.lang.reflect.Constructor.newInstance(Constructor.java:490)\r\n\tat org.openqa.selenium.remote.codec.w3c.W3CHttpResponseCodec.createException(W3CHttpResponseCodec.java:200)\r\n\tat org.openqa.selenium.remote.codec.w3c.W3CHttpResponseCodec.decode(W3CHttpResponseCodec.java:133)\r\n\tat org.openqa.selenium.remote.codec.w3c.W3CHttpResponseCodec.decode(W3CHttpResponseCodec.java:53)\r\n\tat org.openqa.selenium.remote.HttpCommandExecutor.execute(HttpCommandExecutor.java:184)\r\n\tat io.appium.java_client.remote.AppiumCommandExecutor.execute(AppiumCommandExecutor.java:180)\r\n\tat org.openqa.selenium.remote.RemoteWebDriver.execute(RemoteWebDriver.java:547)\r\n\tat org.openqa.selenium.remote.ElementLocation$ElementFinder$2.findElement(ElementLocation.java:162)\r\n\tat org.openqa.selenium.remote.ElementLocation.findElement(ElementLocation.java:66)\r\n\tat org.openqa.selenium.remote.RemoteWebDriver.findElement(RemoteWebDriver.java:365)\r\n\tat org.openqa.selenium.remote.RemoteWebDriver.findElement(RemoteWebDriver.java:357)\r\n\tat pages.AuthentificationPage.enterLogin(AuthentificationPage.java:22)\r\n\tat StepsDefinitions.AuthentificationSteps_POM.user_enter_login_and_password(AuthentificationSteps_POM.java:32)\r\n\tat ✽.user enter etudiant.nihel.dakhlaoui@uvt.tn and Ekaraoncall321!(file:///C:/Users/Nihel/eclipse-workspace/AutomationEkaraOnCallProject/src/test/resources/Features/1Authentification.feature:8)\r\n",
              "duration": 2245946400,
              "status": "failed"
            },
            "line": 8,
            "name": "user enter etudiant.nihel.dakhlaoui@uvt.tn and Ekaraoncall321!",
            "match": {
              "arguments": [
                {
                  "val": "etudiant.nihel.dakhlaoui@uvt.tn",
                  "offset": 11
                },
                {
                  "val": "Ekaraoncall321!",
                  "offset": 47
                }
              ],
              "location": "StepsDefinitions.AuthentificationSteps_POM.user_enter_login_and_password(java.lang.String,java.lang.String)"
            },
            "keyword": "When "
          },
          {
            "result": {
              "status": "skipped"
            },
            "line": 9,
            "name": "user clicks on eye to show password",
            "match": {
              "location": "StepsDefinitions.AuthentificationSteps_POM.user_clicks_on_eye_to_show_password()"
            },
            "keyword": "And "
          },
          {
            "result": {
              "duration": 8050300,
              "status": "skipped"
            },
            "line": 10,
            "name": "user clicks on remember me",
            "match": {
              "location": "StepsDefinitions.AuthentificationSteps_POM.user_clicks_on_remember_me()"
            },
            "keyword": "And "
          },
          {
            "result": {
              "duration": 577900,
              "status": "skipped"
            },
            "line": 11,
            "name": "user clicks on valide button",
            "match": {
              "location": "StepsDefinitions.AuthentificationSteps_POM.clicks_on_valide_button()"
            },
            "keyword": "And "
          },
          {
            "result": {
              "status": "skipped"
            },
            "line": 12,
            "name": "Error message displayed",
            "match": {
              "location": "StepsDefinitions.AuthentificationSteps_POM.Error_message_displayed()"
            },
            "keyword": "Then "
          }
        ],
        "tags": [
          {
            "name": "@InvalidAuthentification"
          }
        ]
      },
      {
        "start_timestamp": "2022-10-03T22:46:16.784Z",
        "line": 29,
        "name": "check login is successiful with valid credentiels",
        "description": "",
        "id": "feature-to-test-authentification-functionnality;check-login-is-successiful-with-valid-credentiels;;2",
        "type": "scenario",
        "keyword": "Scenario Outline",
        "steps": [
          {
            "result": {
              "duration": 9494871500,
              "status": "passed"
            },
            "line": 20,
            "name": "user is on login page",
            "match": {
              "location": "StepsDefinitions.AuthentificationSteps_POM.user_is_on_login_page()"
            },
            "keyword": "Given "
          },
          {
            "result": {
              "error_message": "org.openqa.selenium.NoSuchElementException: An element could not be located on the page using the given search parameters.\nFor documentation on this error, please visit: https://selenium.dev/exceptions/#no_such_element\nBuild info: version: \u00274.5.0\u0027, revision: \u0027fe167b119a\u0027\nSystem info: os.name: \u0027Windows 10\u0027, os.arch: \u0027amd64\u0027, os.version: \u002710.0\u0027, java.version: \u002711.0.13\u0027\nDriver info: io.appium.java_client.android.AndroidDriver\nCommand: [e62f7e98-6b9f-4ff0-8d39-8aeded2a1551, findElement {using\u003did, value\u003dcom.iplabel.ekaraoncall:id/editLoginekara}]\nCapabilities {appium:app: C:\\Users\\Nihel\\eclipse-work..., appium:appPackage: com.iplabel.ekaraoncall, appium:databaseEnabled: false, appium:desired: {app: C:\\Users\\Nihel\\eclipse-work..., deviceName: Galaxy A50, newCommandTimeout: 180, platformName: android, platformVersion: 11, udid: R58M33X6VHV}, appium:deviceApiLevel: 30, appium:deviceManufacturer: samsung, appium:deviceModel: SM-A505FN, appium:deviceName: R58M33X6VHV, appium:deviceScreenDensity: 420, appium:deviceScreenSize: 1080x2340, appium:deviceUDID: R58M33X6VHV, appium:javascriptEnabled: true, appium:locationContextEnabled: false, appium:networkConnectionEnabled: true, appium:newCommandTimeout: 180, appium:pixelRatio: 2.625, appium:platformVersion: 11, appium:statBarHeight: 83, appium:takesScreenshot: true, appium:udid: R58M33X6VHV, appium:viewportRect: {height: 2048, left: 0, top: 83, width: 1080}, appium:warnings: {}, appium:webStorageEnabled: false, platformName: ANDROID}\nSession ID: e62f7e98-6b9f-4ff0-8d39-8aeded2a1551\r\n\tat java.base/jdk.internal.reflect.NativeConstructorAccessorImpl.newInstance0(Native Method)\r\n\tat java.base/jdk.internal.reflect.NativeConstructorAccessorImpl.newInstance(NativeConstructorAccessorImpl.java:62)\r\n\tat java.base/jdk.internal.reflect.DelegatingConstructorAccessorImpl.newInstance(DelegatingConstructorAccessorImpl.java:45)\r\n\tat java.base/java.lang.reflect.Constructor.newInstance(Constructor.java:490)\r\n\tat org.openqa.selenium.remote.codec.w3c.W3CHttpResponseCodec.createException(W3CHttpResponseCodec.java:200)\r\n\tat org.openqa.selenium.remote.codec.w3c.W3CHttpResponseCodec.decode(W3CHttpResponseCodec.java:133)\r\n\tat org.openqa.selenium.remote.codec.w3c.W3CHttpResponseCodec.decode(W3CHttpResponseCodec.java:53)\r\n\tat org.openqa.selenium.remote.HttpCommandExecutor.execute(HttpCommandExecutor.java:184)\r\n\tat io.appium.java_client.remote.AppiumCommandExecutor.execute(AppiumCommandExecutor.java:180)\r\n\tat org.openqa.selenium.remote.RemoteWebDriver.execute(RemoteWebDriver.java:547)\r\n\tat org.openqa.selenium.remote.ElementLocation$ElementFinder$2.findElement(ElementLocation.java:162)\r\n\tat org.openqa.selenium.remote.ElementLocation.findElement(ElementLocation.java:66)\r\n\tat org.openqa.selenium.remote.RemoteWebDriver.findElement(RemoteWebDriver.java:365)\r\n\tat org.openqa.selenium.remote.RemoteWebDriver.findElement(RemoteWebDriver.java:357)\r\n\tat pages.AuthentificationPage.enterLogin(AuthentificationPage.java:22)\r\n\tat StepsDefinitions.AuthentificationSteps_POM.user_enter_login_and_password(AuthentificationSteps_POM.java:32)\r\n\tat ✽.user enter etudiant.nihel.dakhlaoui@uvt.tn and Ekaraoncall123!(file:///C:/Users/Nihel/eclipse-workspace/AutomationEkaraOnCallProject/src/test/resources/Features/1Authentification.feature:21)\r\n",
              "duration": 2389870800,
              "status": "failed"
            },
            "line": 21,
            "name": "user enter etudiant.nihel.dakhlaoui@uvt.tn and Ekaraoncall123!",
            "match": {
              "arguments": [
                {
                  "val": "etudiant.nihel.dakhlaoui@uvt.tn",
                  "offset": 11
                },
                {
                  "val": "Ekaraoncall123!",
                  "offset": 47
                }
              ],
              "location": "StepsDefinitions.AuthentificationSteps_POM.user_enter_login_and_password(java.lang.String,java.lang.String)"
            },
            "keyword": "When "
          },
          {
            "result": {
              "status": "skipped"
            },
            "line": 22,
            "name": "user clicks on eye to show password",
            "match": {
              "location": "StepsDefinitions.AuthentificationSteps_POM.user_clicks_on_eye_to_show_password()"
            },
            "keyword": "And "
          },
          {
            "result": {
              "status": "skipped"
            },
            "line": 23,
            "name": "user clicks on remember me",
            "match": {
              "location": "StepsDefinitions.AuthentificationSteps_POM.user_clicks_on_remember_me()"
            },
            "keyword": "And "
          },
          {
            "result": {
              "status": "skipped"
            },
            "line": 24,
            "name": "user clicks on valide button",
            "match": {
              "location": "StepsDefinitions.AuthentificationSteps_POM.clicks_on_valide_button()"
            },
            "keyword": "And "
          },
          {
            "result": {
              "status": "skipped"
            },
            "line": 25,
            "name": "user is redirected to the home page Console",
            "match": {
              "location": "StepsDefinitions.AuthentificationSteps_POM.user_is_redirected_to_the_home_page_console()"
            },
            "keyword": "Then "
          }
        ],
        "tags": [
          {
            "name": "@ValidAuthentification"
          }
        ]
      }
    ],
    "name": "feature to test authentification functionnality",
    "description": "",
    "id": "feature-to-test-authentification-functionnality",
    "keyword": "Feature",
    "uri": "file:src/test/resources/Features/1Authentification.feature",
    "tags": []
  },
  {
    "line": 3,
    "elements": [
      {
        "start_timestamp": "2022-10-03T22:46:28.704Z",
        "line": 6,
        "name": "check the functioning of the console view through the second workspaces",
        "description": "",
        "id": "feature-to-test-console-vue-functionnality;check-the-functioning-of-the-console-view-through-the-second-workspaces",
        "type": "scenario",
        "keyword": "Scenario",
        "steps": [
          {
            "result": {
              "status": "passed"
            },
            "line": 7,
            "name": "user is on  Console page",
            "match": {
              "location": "StepsDefinitions.ConsoleSteps_POM.user_is_on_Console_page()"
            },
            "keyword": "Given "
          },
          {
            "result": {
              "error_message": "org.openqa.selenium.NoSuchElementException: An element could not be located on the page using the given search parameters.\nFor documentation on this error, please visit: https://selenium.dev/exceptions/#no_such_element\nBuild info: version: \u00274.5.0\u0027, revision: \u0027fe167b119a\u0027\nSystem info: os.name: \u0027Windows 10\u0027, os.arch: \u0027amd64\u0027, os.version: \u002710.0\u0027, java.version: \u002711.0.13\u0027\nDriver info: io.appium.java_client.android.AndroidDriver\nCommand: [e62f7e98-6b9f-4ff0-8d39-8aeded2a1551, findElement {using\u003did, value\u003dcom.iplabel.ekaraoncall:id/spinner04}]\nCapabilities {appium:app: C:\\Users\\Nihel\\eclipse-work..., appium:appPackage: com.iplabel.ekaraoncall, appium:databaseEnabled: false, appium:desired: {app: C:\\Users\\Nihel\\eclipse-work..., deviceName: Galaxy A50, newCommandTimeout: 180, platformName: android, platformVersion: 11, udid: R58M33X6VHV}, appium:deviceApiLevel: 30, appium:deviceManufacturer: samsung, appium:deviceModel: SM-A505FN, appium:deviceName: R58M33X6VHV, appium:deviceScreenDensity: 420, appium:deviceScreenSize: 1080x2340, appium:deviceUDID: R58M33X6VHV, appium:javascriptEnabled: true, appium:locationContextEnabled: false, appium:networkConnectionEnabled: true, appium:newCommandTimeout: 180, appium:pixelRatio: 2.625, appium:platformVersion: 11, appium:statBarHeight: 83, appium:takesScreenshot: true, appium:udid: R58M33X6VHV, appium:viewportRect: {height: 2048, left: 0, top: 83, width: 1080}, appium:warnings: {}, appium:webStorageEnabled: false, platformName: ANDROID}\nSession ID: e62f7e98-6b9f-4ff0-8d39-8aeded2a1551\r\n\tat java.base/jdk.internal.reflect.NativeConstructorAccessorImpl.newInstance0(Native Method)\r\n\tat java.base/jdk.internal.reflect.NativeConstructorAccessorImpl.newInstance(NativeConstructorAccessorImpl.java:62)\r\n\tat java.base/jdk.internal.reflect.DelegatingConstructorAccessorImpl.newInstance(DelegatingConstructorAccessorImpl.java:45)\r\n\tat java.base/java.lang.reflect.Constructor.newInstance(Constructor.java:490)\r\n\tat org.openqa.selenium.remote.codec.w3c.W3CHttpResponseCodec.createException(W3CHttpResponseCodec.java:200)\r\n\tat org.openqa.selenium.remote.codec.w3c.W3CHttpResponseCodec.decode(W3CHttpResponseCodec.java:133)\r\n\tat org.openqa.selenium.remote.codec.w3c.W3CHttpResponseCodec.decode(W3CHttpResponseCodec.java:53)\r\n\tat org.openqa.selenium.remote.HttpCommandExecutor.execute(HttpCommandExecutor.java:184)\r\n\tat io.appium.java_client.remote.AppiumCommandExecutor.execute(AppiumCommandExecutor.java:180)\r\n\tat org.openqa.selenium.remote.RemoteWebDriver.execute(RemoteWebDriver.java:547)\r\n\tat org.openqa.selenium.remote.ElementLocation$ElementFinder$2.findElement(ElementLocation.java:162)\r\n\tat org.openqa.selenium.remote.ElementLocation.findElement(ElementLocation.java:60)\r\n\tat org.openqa.selenium.remote.RemoteWebDriver.findElement(RemoteWebDriver.java:365)\r\n\tat org.openqa.selenium.remote.RemoteWebDriver.findElement(RemoteWebDriver.java:357)\r\n\tat pages.ConsolePage.ClickDropdown(ConsolePage.java:21)\r\n\tat StepsDefinitions.ConsoleSteps_POM.use_click_on_the_workspace_dropdown(ConsoleSteps_POM.java:30)\r\n\tat ✽.user click on the workspace dropdown(file:///C:/Users/Nihel/eclipse-workspace/AutomationEkaraOnCallProject/src/test/resources/Features/2Console.feature:8)\r\n",
              "duration": 8319294000,
              "status": "failed"
            },
            "line": 8,
            "name": "user click on the workspace dropdown",
            "match": {
              "location": "StepsDefinitions.ConsoleSteps_POM.use_click_on_the_workspace_dropdown()"
            },
            "keyword": "When "
          },
          {
            "result": {
              "status": "skipped"
            },
            "line": 9,
            "name": "user choice the second workspace",
            "match": {
              "location": "StepsDefinitions.ConsoleSteps_POM.user_choice_the_second_workspace()"
            },
            "keyword": "And "
          },
          {
            "result": {
              "status": "skipped"
            },
            "line": 10,
            "name": "the scenario consoles of the second workspace appear",
            "match": {
              "location": "StepsDefinitions.ConsoleSteps_POM.the_scenario_consoles_of_the_second_workspace_appear()"
            },
            "keyword": "Then "
          }
        ],
        "tags": [
          {
            "name": "@ConsoleSecondWorkspace"
          }
        ]
      },
      {
        "start_timestamp": "2022-10-03T22:46:37.075Z",
        "line": 13,
        "name": "check the functioning of the console view through the Third workspaces",
        "description": "",
        "id": "feature-to-test-console-vue-functionnality;check-the-functioning-of-the-console-view-through-the-third-workspaces",
        "type": "scenario",
        "keyword": "Scenario",
        "steps": [
          {
            "result": {
              "status": "passed"
            },
            "line": 14,
            "name": "user is on  Console page",
            "match": {
              "location": "StepsDefinitions.ConsoleSteps_POM.user_is_on_Console_page()"
            },
            "keyword": "Given "
          },
          {
            "result": {
              "error_message": "org.openqa.selenium.NoSuchElementException: An element could not be located on the page using the given search parameters.\nFor documentation on this error, please visit: https://selenium.dev/exceptions/#no_such_element\nBuild info: version: \u00274.5.0\u0027, revision: \u0027fe167b119a\u0027\nSystem info: os.name: \u0027Windows 10\u0027, os.arch: \u0027amd64\u0027, os.version: \u002710.0\u0027, java.version: \u002711.0.13\u0027\nDriver info: io.appium.java_client.android.AndroidDriver\nCommand: [e62f7e98-6b9f-4ff0-8d39-8aeded2a1551, findElement {using\u003did, value\u003dcom.iplabel.ekaraoncall:id/spinner04}]\nCapabilities {appium:app: C:\\Users\\Nihel\\eclipse-work..., appium:appPackage: com.iplabel.ekaraoncall, appium:databaseEnabled: false, appium:desired: {app: C:\\Users\\Nihel\\eclipse-work..., deviceName: Galaxy A50, newCommandTimeout: 180, platformName: android, platformVersion: 11, udid: R58M33X6VHV}, appium:deviceApiLevel: 30, appium:deviceManufacturer: samsung, appium:deviceModel: SM-A505FN, appium:deviceName: R58M33X6VHV, appium:deviceScreenDensity: 420, appium:deviceScreenSize: 1080x2340, appium:deviceUDID: R58M33X6VHV, appium:javascriptEnabled: true, appium:locationContextEnabled: false, appium:networkConnectionEnabled: true, appium:newCommandTimeout: 180, appium:pixelRatio: 2.625, appium:platformVersion: 11, appium:statBarHeight: 83, appium:takesScreenshot: true, appium:udid: R58M33X6VHV, appium:viewportRect: {height: 2048, left: 0, top: 83, width: 1080}, appium:warnings: {}, appium:webStorageEnabled: false, platformName: ANDROID}\nSession ID: e62f7e98-6b9f-4ff0-8d39-8aeded2a1551\r\n\tat java.base/jdk.internal.reflect.NativeConstructorAccessorImpl.newInstance0(Native Method)\r\n\tat java.base/jdk.internal.reflect.NativeConstructorAccessorImpl.newInstance(NativeConstructorAccessorImpl.java:62)\r\n\tat java.base/jdk.internal.reflect.DelegatingConstructorAccessorImpl.newInstance(DelegatingConstructorAccessorImpl.java:45)\r\n\tat java.base/java.lang.reflect.Constructor.newInstance(Constructor.java:490)\r\n\tat org.openqa.selenium.remote.codec.w3c.W3CHttpResponseCodec.createException(W3CHttpResponseCodec.java:200)\r\n\tat org.openqa.selenium.remote.codec.w3c.W3CHttpResponseCodec.decode(W3CHttpResponseCodec.java:133)\r\n\tat org.openqa.selenium.remote.codec.w3c.W3CHttpResponseCodec.decode(W3CHttpResponseCodec.java:53)\r\n\tat org.openqa.selenium.remote.HttpCommandExecutor.execute(HttpCommandExecutor.java:184)\r\n\tat io.appium.java_client.remote.AppiumCommandExecutor.execute(AppiumCommandExecutor.java:180)\r\n\tat org.openqa.selenium.remote.RemoteWebDriver.execute(RemoteWebDriver.java:547)\r\n\tat org.openqa.selenium.remote.ElementLocation$ElementFinder$2.findElement(ElementLocation.java:162)\r\n\tat org.openqa.selenium.remote.ElementLocation.findElement(ElementLocation.java:60)\r\n\tat org.openqa.selenium.remote.RemoteWebDriver.findElement(RemoteWebDriver.java:365)\r\n\tat org.openqa.selenium.remote.RemoteWebDriver.findElement(RemoteWebDriver.java:357)\r\n\tat pages.ConsolePage.ClickDropdown(ConsolePage.java:21)\r\n\tat StepsDefinitions.ConsoleSteps_POM.use_click_on_the_workspace_dropdown(ConsoleSteps_POM.java:30)\r\n\tat ✽.user click on the workspace dropdown(file:///C:/Users/Nihel/eclipse-workspace/AutomationEkaraOnCallProject/src/test/resources/Features/2Console.feature:15)\r\n",
              "duration": 8385750100,
              "status": "failed"
            },
            "line": 15,
            "name": "user click on the workspace dropdown",
            "match": {
              "location": "StepsDefinitions.ConsoleSteps_POM.use_click_on_the_workspace_dropdown()"
            },
            "keyword": "When "
          },
          {
            "result": {
              "status": "skipped"
            },
            "line": 16,
            "name": "user choice the third workspace",
            "match": {
              "location": "StepsDefinitions.ConsoleSteps_POM.user_choice_the_third_workspace()"
            },
            "keyword": "And "
          },
          {
            "result": {
              "status": "skipped"
            },
            "line": 17,
            "name": "the scenario consoles of the third workspace appear",
            "match": {
              "location": "StepsDefinitions.ConsoleSteps_POM.the_scenario_consoles_of_the_third_workspace_appear()"
            },
            "keyword": "Then "
          }
        ],
        "tags": [
          {
            "name": "@ConsoleThirdWorkspace"
          }
        ]
      }
    ],
    "name": "feature to test Console vue functionnality",
    "description": "",
    "id": "feature-to-test-console-vue-functionnality",
    "keyword": "Feature",
    "uri": "file:src/test/resources/Features/2Console.feature",
    "tags": []
  },
  {
    "line": 4,
    "elements": [
      {
        "start_timestamp": "2022-10-03T22:46:45.497Z",
        "line": 7,
        "name": "Display the incident vue throw Incident Menu",
        "description": "",
        "id": "feature-to-test-incident-view-functionnality;display-the-incident-vue-throw-incident-menu",
        "type": "scenario",
        "keyword": "Scenario",
        "steps": [
          {
            "result": {
              "duration": 8038000,
              "status": "passed"
            },
            "line": 8,
            "name": "Application was launched",
            "match": {
              "location": "StepsDefinitions.IncidentSteps_POM.application_was_launched()"
            },
            "keyword": "Given "
          },
          {
            "result": {
              "error_message": "org.openqa.selenium.NoSuchElementException: An element could not be located on the page using the given search parameters.\nFor documentation on this error, please visit: https://selenium.dev/exceptions/#no_such_element\nBuild info: version: \u00274.5.0\u0027, revision: \u0027fe167b119a\u0027\nSystem info: os.name: \u0027Windows 10\u0027, os.arch: \u0027amd64\u0027, os.version: \u002710.0\u0027, java.version: \u002711.0.13\u0027\nDriver info: io.appium.java_client.android.AndroidDriver\nCommand: [e62f7e98-6b9f-4ff0-8d39-8aeded2a1551, findElement {using\u003did, value\u003dcom.iplabel.ekaraoncall:id/incidents}]\nCapabilities {appium:app: C:\\Users\\Nihel\\eclipse-work..., appium:appPackage: com.iplabel.ekaraoncall, appium:databaseEnabled: false, appium:desired: {app: C:\\Users\\Nihel\\eclipse-work..., deviceName: Galaxy A50, newCommandTimeout: 180, platformName: android, platformVersion: 11, udid: R58M33X6VHV}, appium:deviceApiLevel: 30, appium:deviceManufacturer: samsung, appium:deviceModel: SM-A505FN, appium:deviceName: R58M33X6VHV, appium:deviceScreenDensity: 420, appium:deviceScreenSize: 1080x2340, appium:deviceUDID: R58M33X6VHV, appium:javascriptEnabled: true, appium:locationContextEnabled: false, appium:networkConnectionEnabled: true, appium:newCommandTimeout: 180, appium:pixelRatio: 2.625, appium:platformVersion: 11, appium:statBarHeight: 83, appium:takesScreenshot: true, appium:udid: R58M33X6VHV, appium:viewportRect: {height: 2048, left: 0, top: 83, width: 1080}, appium:warnings: {}, appium:webStorageEnabled: false, platformName: ANDROID}\nSession ID: e62f7e98-6b9f-4ff0-8d39-8aeded2a1551\r\n\tat java.base/jdk.internal.reflect.NativeConstructorAccessorImpl.newInstance0(Native Method)\r\n\tat java.base/jdk.internal.reflect.NativeConstructorAccessorImpl.newInstance(NativeConstructorAccessorImpl.java:62)\r\n\tat java.base/jdk.internal.reflect.DelegatingConstructorAccessorImpl.newInstance(DelegatingConstructorAccessorImpl.java:45)\r\n\tat java.base/java.lang.reflect.Constructor.newInstance(Constructor.java:490)\r\n\tat org.openqa.selenium.remote.codec.w3c.W3CHttpResponseCodec.createException(W3CHttpResponseCodec.java:200)\r\n\tat org.openqa.selenium.remote.codec.w3c.W3CHttpResponseCodec.decode(W3CHttpResponseCodec.java:133)\r\n\tat org.openqa.selenium.remote.codec.w3c.W3CHttpResponseCodec.decode(W3CHttpResponseCodec.java:53)\r\n\tat org.openqa.selenium.remote.HttpCommandExecutor.execute(HttpCommandExecutor.java:184)\r\n\tat io.appium.java_client.remote.AppiumCommandExecutor.execute(AppiumCommandExecutor.java:180)\r\n\tat org.openqa.selenium.remote.RemoteWebDriver.execute(RemoteWebDriver.java:547)\r\n\tat org.openqa.selenium.remote.ElementLocation$ElementFinder$2.findElement(ElementLocation.java:162)\r\n\tat org.openqa.selenium.remote.ElementLocation.findElement(ElementLocation.java:60)\r\n\tat org.openqa.selenium.remote.RemoteWebDriver.findElement(RemoteWebDriver.java:365)\r\n\tat org.openqa.selenium.remote.RemoteWebDriver.findElement(RemoteWebDriver.java:357)\r\n\tat pages.IncidentPage.ClickViewIncident(IncidentPage.java:49)\r\n\tat StepsDefinitions.IncidentSteps_POM.user_click_on_the_incident_button(IncidentSteps_POM.java:28)\r\n\tat ✽.user click on the Incident button(file:///C:/Users/Nihel/eclipse-workspace/AutomationEkaraOnCallProject/src/test/resources/Features/3Incident.feature:9)\r\n",
              "duration": 4362371600,
              "status": "failed"
            },
            "line": 9,
            "name": "user click on the Incident button",
            "match": {
              "location": "StepsDefinitions.IncidentSteps_POM.user_click_on_the_incident_button()"
            },
            "keyword": "When "
          },
          {
            "result": {
              "status": "skipped"
            },
            "line": 10,
            "name": "the Incident view display",
            "match": {
              "location": "StepsDefinitions.IncidentSteps_POM.the_incident_view_display()"
            },
            "keyword": "Then "
          }
        ],
        "tags": [
          {
            "name": "@IncidentFeature"
          },
          {
            "name": "@Incidnt_View"
          }
        ]
      },
      {
        "start_timestamp": "2022-10-03T22:46:49.901Z",
        "line": 13,
        "name": "check the functioning of the Incident view through the second workspaces",
        "description": "",
        "id": "feature-to-test-incident-view-functionnality;check-the-functioning-of-the-incident-view-through-the-second-workspaces",
        "type": "scenario",
        "keyword": "Scenario",
        "steps": [
          {
            "result": {
              "status": "passed"
            },
            "line": 14,
            "name": "user is on  Incident page",
            "match": {
              "location": "StepsDefinitions.IncidentSteps_POM.user_is_on_incident_page()"
            },
            "keyword": "Given "
          },
          {
            "result": {
              "error_message": "org.openqa.selenium.NoSuchElementException: An element could not be located on the page using the given search parameters.\nFor documentation on this error, please visit: https://selenium.dev/exceptions/#no_such_element\nBuild info: version: \u00274.5.0\u0027, revision: \u0027fe167b119a\u0027\nSystem info: os.name: \u0027Windows 10\u0027, os.arch: \u0027amd64\u0027, os.version: \u002710.0\u0027, java.version: \u002711.0.13\u0027\nDriver info: io.appium.java_client.android.AndroidDriver\nCommand: [e62f7e98-6b9f-4ff0-8d39-8aeded2a1551, findElement {using\u003did, value\u003dcom.iplabel.ekaraoncall:id/spinner04}]\nCapabilities {appium:app: C:\\Users\\Nihel\\eclipse-work..., appium:appPackage: com.iplabel.ekaraoncall, appium:databaseEnabled: false, appium:desired: {app: C:\\Users\\Nihel\\eclipse-work..., deviceName: Galaxy A50, newCommandTimeout: 180, platformName: android, platformVersion: 11, udid: R58M33X6VHV}, appium:deviceApiLevel: 30, appium:deviceManufacturer: samsung, appium:deviceModel: SM-A505FN, appium:deviceName: R58M33X6VHV, appium:deviceScreenDensity: 420, appium:deviceScreenSize: 1080x2340, appium:deviceUDID: R58M33X6VHV, appium:javascriptEnabled: true, appium:locationContextEnabled: false, appium:networkConnectionEnabled: true, appium:newCommandTimeout: 180, appium:pixelRatio: 2.625, appium:platformVersion: 11, appium:statBarHeight: 83, appium:takesScreenshot: true, appium:udid: R58M33X6VHV, appium:viewportRect: {height: 2048, left: 0, top: 83, width: 1080}, appium:warnings: {}, appium:webStorageEnabled: false, platformName: ANDROID}\nSession ID: e62f7e98-6b9f-4ff0-8d39-8aeded2a1551\r\n\tat java.base/jdk.internal.reflect.NativeConstructorAccessorImpl.newInstance0(Native Method)\r\n\tat java.base/jdk.internal.reflect.NativeConstructorAccessorImpl.newInstance(NativeConstructorAccessorImpl.java:62)\r\n\tat java.base/jdk.internal.reflect.DelegatingConstructorAccessorImpl.newInstance(DelegatingConstructorAccessorImpl.java:45)\r\n\tat java.base/java.lang.reflect.Constructor.newInstance(Constructor.java:490)\r\n\tat org.openqa.selenium.remote.codec.w3c.W3CHttpResponseCodec.createException(W3CHttpResponseCodec.java:200)\r\n\tat org.openqa.selenium.remote.codec.w3c.W3CHttpResponseCodec.decode(W3CHttpResponseCodec.java:133)\r\n\tat org.openqa.selenium.remote.codec.w3c.W3CHttpResponseCodec.decode(W3CHttpResponseCodec.java:53)\r\n\tat org.openqa.selenium.remote.HttpCommandExecutor.execute(HttpCommandExecutor.java:184)\r\n\tat io.appium.java_client.remote.AppiumCommandExecutor.execute(AppiumCommandExecutor.java:180)\r\n\tat org.openqa.selenium.remote.RemoteWebDriver.execute(RemoteWebDriver.java:547)\r\n\tat org.openqa.selenium.remote.ElementLocation$ElementFinder$2.findElement(ElementLocation.java:162)\r\n\tat org.openqa.selenium.remote.ElementLocation.findElement(ElementLocation.java:60)\r\n\tat org.openqa.selenium.remote.RemoteWebDriver.findElement(RemoteWebDriver.java:365)\r\n\tat org.openqa.selenium.remote.RemoteWebDriver.findElement(RemoteWebDriver.java:357)\r\n\tat pages.IncidentPage.ClickDropdown(IncidentPage.java:129)\r\n\tat StepsDefinitions.IncidentSteps_POM.user_click_on_the_workspace_dropdown(IncidentSteps_POM.java:52)\r\n\tat ✽.user click on workspace dropdown(file:///C:/Users/Nihel/eclipse-workspace/AutomationEkaraOnCallProject/src/test/resources/Features/3Incident.feature:15)\r\n",
              "duration": 4452168000,
              "status": "failed"
            },
            "line": 15,
            "name": "user click on workspace dropdown",
            "match": {
              "location": "StepsDefinitions.IncidentSteps_POM.user_click_on_the_workspace_dropdown()"
            },
            "keyword": "When "
          },
          {
            "result": {
              "status": "skipped"
            },
            "line": 16,
            "name": "user choice the second workspace",
            "match": {
              "location": "StepsDefinitions.ConsoleSteps_POM.user_choice_the_second_workspace()"
            },
            "keyword": "And "
          },
          {
            "result": {
              "duration": 8041300,
              "status": "skipped"
            },
            "line": 17,
            "name": "the scenario Incidents of the second workspace appear",
            "match": {
              "location": "StepsDefinitions.IncidentSteps_POM.the_scenario_incidents_of_the_second_workspace_appear()"
            },
            "keyword": "Then "
          }
        ],
        "tags": [
          {
            "name": "@IncidentFeature"
          },
          {
            "name": "@Incidnt_Second_Workspace"
          }
        ]
      },
      {
        "start_timestamp": "2022-10-03T22:46:54.385Z",
        "line": 20,
        "name": "Show the closed incident",
        "description": "",
        "id": "feature-to-test-incident-view-functionnality;show-the-closed-incident",
        "type": "scenario",
        "keyword": "Scenario",
        "steps": [
          {
            "result": {
              "status": "passed"
            },
            "line": 21,
            "name": "Incident view was launched",
            "match": {
              "location": "StepsDefinitions.IncidentSteps_POM.incident_view_was_launched()"
            },
            "keyword": "Given "
          },
          {
            "result": {
              "error_message": "org.openqa.selenium.NoSuchElementException: An element could not be located on the page using the given search parameters.\nFor documentation on this error, please visit: https://selenium.dev/exceptions/#no_such_element\nBuild info: version: \u00274.5.0\u0027, revision: \u0027fe167b119a\u0027\nSystem info: os.name: \u0027Windows 10\u0027, os.arch: \u0027amd64\u0027, os.version: \u002710.0\u0027, java.version: \u002711.0.13\u0027\nDriver info: io.appium.java_client.android.AndroidDriver\nCommand: [e62f7e98-6b9f-4ff0-8d39-8aeded2a1551, findElement {using\u003did, value\u003dcom.iplabel.ekaraoncall:id/buttonShowAlertEkara}]\nCapabilities {appium:app: C:\\Users\\Nihel\\eclipse-work..., appium:appPackage: com.iplabel.ekaraoncall, appium:databaseEnabled: false, appium:desired: {app: C:\\Users\\Nihel\\eclipse-work..., deviceName: Galaxy A50, newCommandTimeout: 180, platformName: android, platformVersion: 11, udid: R58M33X6VHV}, appium:deviceApiLevel: 30, appium:deviceManufacturer: samsung, appium:deviceModel: SM-A505FN, appium:deviceName: R58M33X6VHV, appium:deviceScreenDensity: 420, appium:deviceScreenSize: 1080x2340, appium:deviceUDID: R58M33X6VHV, appium:javascriptEnabled: true, appium:locationContextEnabled: false, appium:networkConnectionEnabled: true, appium:newCommandTimeout: 180, appium:pixelRatio: 2.625, appium:platformVersion: 11, appium:statBarHeight: 83, appium:takesScreenshot: true, appium:udid: R58M33X6VHV, appium:viewportRect: {height: 2048, left: 0, top: 83, width: 1080}, appium:warnings: {}, appium:webStorageEnabled: false, platformName: ANDROID}\nSession ID: e62f7e98-6b9f-4ff0-8d39-8aeded2a1551\r\n\tat java.base/jdk.internal.reflect.NativeConstructorAccessorImpl.newInstance0(Native Method)\r\n\tat java.base/jdk.internal.reflect.NativeConstructorAccessorImpl.newInstance(NativeConstructorAccessorImpl.java:62)\r\n\tat java.base/jdk.internal.reflect.DelegatingConstructorAccessorImpl.newInstance(DelegatingConstructorAccessorImpl.java:45)\r\n\tat java.base/java.lang.reflect.Constructor.newInstance(Constructor.java:490)\r\n\tat org.openqa.selenium.remote.codec.w3c.W3CHttpResponseCodec.createException(W3CHttpResponseCodec.java:200)\r\n\tat org.openqa.selenium.remote.codec.w3c.W3CHttpResponseCodec.decode(W3CHttpResponseCodec.java:133)\r\n\tat org.openqa.selenium.remote.codec.w3c.W3CHttpResponseCodec.decode(W3CHttpResponseCodec.java:53)\r\n\tat org.openqa.selenium.remote.HttpCommandExecutor.execute(HttpCommandExecutor.java:184)\r\n\tat io.appium.java_client.remote.AppiumCommandExecutor.execute(AppiumCommandExecutor.java:180)\r\n\tat org.openqa.selenium.remote.RemoteWebDriver.execute(RemoteWebDriver.java:547)\r\n\tat org.openqa.selenium.remote.ElementLocation$ElementFinder$2.findElement(ElementLocation.java:162)\r\n\tat org.openqa.selenium.remote.ElementLocation.findElement(ElementLocation.java:60)\r\n\tat org.openqa.selenium.remote.RemoteWebDriver.findElement(RemoteWebDriver.java:365)\r\n\tat org.openqa.selenium.remote.RemoteWebDriver.findElement(RemoteWebDriver.java:357)\r\n\tat pages.IncidentPage.ClickshowIncident(IncidentPage.java:58)\r\n\tat StepsDefinitions.IncidentSteps_POM.user_click_on_the_button_to_show_closed_incident(IncidentSteps_POM.java:81)\r\n\tat ✽.user click on the button to show closed incident(file:///C:/Users/Nihel/eclipse-workspace/AutomationEkaraOnCallProject/src/test/resources/Features/3Incident.feature:22)\r\n",
              "duration": 6337101200,
              "status": "failed"
            },
            "line": 22,
            "name": "user click on the button to show closed incident",
            "match": {
              "location": "StepsDefinitions.IncidentSteps_POM.user_click_on_the_button_to_show_closed_incident()"
            },
            "keyword": "When "
          },
          {
            "result": {
              "duration": 722300,
              "status": "skipped"
            },
            "line": 23,
            "name": "closed incidents are displayed",
            "match": {
              "location": "StepsDefinitions.IncidentSteps_POM.closed_incidents_are_displayed()"
            },
            "keyword": "Then "
          }
        ],
        "tags": [
          {
            "name": "@IncidentFeature"
          },
          {
            "name": "@Show_closed_incident"
          }
        ]
      },
      {
        "start_timestamp": "2022-10-03T22:47:00.742Z",
        "line": 26,
        "name": "Details of incident",
        "description": "",
        "id": "feature-to-test-incident-view-functionnality;details-of-incident",
        "type": "scenario",
        "keyword": "Scenario",
        "steps": [
          {
            "result": {
              "duration": 497800,
              "status": "passed"
            },
            "line": 27,
            "name": "Closed Incident are displayed",
            "match": {
              "location": "StepsDefinitions.IncidentSteps_POM.closed_incident_are_displayed()"
            },
            "keyword": "Given "
          },
          {
            "result": {
              "error_message": "org.openqa.selenium.NoSuchElementException: An element could not be located on the page using the given search parameters.\nFor documentation on this error, please visit: https://selenium.dev/exceptions/#no_such_element\nBuild info: version: \u00274.5.0\u0027, revision: \u0027fe167b119a\u0027\nSystem info: os.name: \u0027Windows 10\u0027, os.arch: \u0027amd64\u0027, os.version: \u002710.0\u0027, java.version: \u002711.0.13\u0027\nDriver info: io.appium.java_client.android.AndroidDriver\nCommand: [e62f7e98-6b9f-4ff0-8d39-8aeded2a1551, findElement {using\u003did, value\u003dcom.iplabel.ekaraoncall:id/card_linear}]\nCapabilities {appium:app: C:\\Users\\Nihel\\eclipse-work..., appium:appPackage: com.iplabel.ekaraoncall, appium:databaseEnabled: false, appium:desired: {app: C:\\Users\\Nihel\\eclipse-work..., deviceName: Galaxy A50, newCommandTimeout: 180, platformName: android, platformVersion: 11, udid: R58M33X6VHV}, appium:deviceApiLevel: 30, appium:deviceManufacturer: samsung, appium:deviceModel: SM-A505FN, appium:deviceName: R58M33X6VHV, appium:deviceScreenDensity: 420, appium:deviceScreenSize: 1080x2340, appium:deviceUDID: R58M33X6VHV, appium:javascriptEnabled: true, appium:locationContextEnabled: false, appium:networkConnectionEnabled: true, appium:newCommandTimeout: 180, appium:pixelRatio: 2.625, appium:platformVersion: 11, appium:statBarHeight: 83, appium:takesScreenshot: true, appium:udid: R58M33X6VHV, appium:viewportRect: {height: 2048, left: 0, top: 83, width: 1080}, appium:warnings: {}, appium:webStorageEnabled: false, platformName: ANDROID}\nSession ID: e62f7e98-6b9f-4ff0-8d39-8aeded2a1551\r\n\tat java.base/jdk.internal.reflect.NativeConstructorAccessorImpl.newInstance0(Native Method)\r\n\tat java.base/jdk.internal.reflect.NativeConstructorAccessorImpl.newInstance(NativeConstructorAccessorImpl.java:62)\r\n\tat java.base/jdk.internal.reflect.DelegatingConstructorAccessorImpl.newInstance(DelegatingConstructorAccessorImpl.java:45)\r\n\tat java.base/java.lang.reflect.Constructor.newInstance(Constructor.java:490)\r\n\tat org.openqa.selenium.remote.codec.w3c.W3CHttpResponseCodec.createException(W3CHttpResponseCodec.java:200)\r\n\tat org.openqa.selenium.remote.codec.w3c.W3CHttpResponseCodec.decode(W3CHttpResponseCodec.java:133)\r\n\tat org.openqa.selenium.remote.codec.w3c.W3CHttpResponseCodec.decode(W3CHttpResponseCodec.java:53)\r\n\tat org.openqa.selenium.remote.HttpCommandExecutor.execute(HttpCommandExecutor.java:184)\r\n\tat io.appium.java_client.remote.AppiumCommandExecutor.execute(AppiumCommandExecutor.java:180)\r\n\tat org.openqa.selenium.remote.RemoteWebDriver.execute(RemoteWebDriver.java:547)\r\n\tat org.openqa.selenium.remote.ElementLocation$ElementFinder$2.findElement(ElementLocation.java:162)\r\n\tat org.openqa.selenium.remote.ElementLocation.findElement(ElementLocation.java:60)\r\n\tat org.openqa.selenium.remote.RemoteWebDriver.findElement(RemoteWebDriver.java:365)\r\n\tat org.openqa.selenium.remote.RemoteWebDriver.findElement(RemoteWebDriver.java:357)\r\n\tat pages.IncidentPage.ClickIncident(IncidentPage.java:82)\r\n\tat StepsDefinitions.IncidentSteps_POM.user_click_on_the_incident_to_display_the_details(IncidentSteps_POM.java:107)\r\n\tat ✽.user click on the incident to display the details(file:///C:/Users/Nihel/eclipse-workspace/AutomationEkaraOnCallProject/src/test/resources/Features/3Incident.feature:28)\r\n",
              "duration": 6963742700,
              "status": "failed"
            },
            "line": 28,
            "name": "user click on the incident to display the details",
            "match": {
              "location": "StepsDefinitions.IncidentSteps_POM.user_click_on_the_incident_to_display_the_details()"
            },
            "keyword": "When "
          },
          {
            "result": {
              "status": "skipped"
            },
            "line": 29,
            "name": "Open date of incident is displayed",
            "match": {
              "location": "StepsDefinitions.IncidentSteps_POM.open_date_of_incident_is_displayed()"
            },
            "keyword": "And "
          },
          {
            "result": {
              "status": "skipped"
            },
            "line": 30,
            "name": "close date of incident is displayed",
            "match": {
              "location": "StepsDefinitions.IncidentSteps_POM.close_date_of_incident_is_displayed()"
            },
            "keyword": "And "
          },
          {
            "result": {
              "status": "skipped"
            },
            "line": 31,
            "name": "duration of incident is displayed",
            "match": {
              "location": "StepsDefinitions.IncidentSteps_POM.duration_of_incident_is_displayed()"
            },
            "keyword": "And "
          },
          {
            "result": {
              "status": "skipped"
            },
            "line": 32,
            "name": "events triggers is displayed",
            "match": {
              "location": "StepsDefinitions.IncidentSteps_POM.events_triggers_is_displayed()"
            },
            "keyword": "And "
          },
          {
            "result": {
              "status": "skipped"
            },
            "line": 33,
            "name": "user click on show details of test button",
            "match": {
              "location": "StepsDefinitions.IncidentSteps_POM.user_click_on_show_details_of_test_button()"
            },
            "keyword": "And "
          },
          {
            "result": {
              "status": "skipped"
            },
            "line": 34,
            "name": "redirection to navigator view of Ekara",
            "match": {
              "location": "StepsDefinitions.IncidentSteps_POM.redirection_to_navigator_view_of_ekara()"
            },
            "keyword": "Then "
          }
        ],
        "tags": [
          {
            "name": "@IncidentFeature"
          },
          {
            "name": "@details_incident"
          }
        ]
      },
      {
        "start_timestamp": "2022-10-03T22:47:07.743Z",
        "line": 37,
        "name": "Hide the closed incident",
        "description": "",
        "id": "feature-to-test-incident-view-functionnality;hide-the-closed-incident",
        "type": "scenario",
        "keyword": "Scenario",
        "steps": [
          {
            "result": {
              "duration": 134388300,
              "status": "passed"
            },
            "line": 38,
            "name": "Closed incident was displayed",
            "match": {
              "location": "StepsDefinitions.IncidentSteps_POM.closed_incident_was_displayed()"
            },
            "keyword": "Given "
          },
          {
            "result": {
              "error_message": "org.openqa.selenium.NoSuchElementException: An element could not be located on the page using the given search parameters.\nFor documentation on this error, please visit: https://selenium.dev/exceptions/#no_such_element\nBuild info: version: \u00274.5.0\u0027, revision: \u0027fe167b119a\u0027\nSystem info: os.name: \u0027Windows 10\u0027, os.arch: \u0027amd64\u0027, os.version: \u002710.0\u0027, java.version: \u002711.0.13\u0027\nDriver info: io.appium.java_client.android.AndroidDriver\nCommand: [e62f7e98-6b9f-4ff0-8d39-8aeded2a1551, findElement {using\u003did, value\u003dcom.iplabel.ekaraoncall:id/buttonShowAlertEkara}]\nCapabilities {appium:app: C:\\Users\\Nihel\\eclipse-work..., appium:appPackage: com.iplabel.ekaraoncall, appium:databaseEnabled: false, appium:desired: {app: C:\\Users\\Nihel\\eclipse-work..., deviceName: Galaxy A50, newCommandTimeout: 180, platformName: android, platformVersion: 11, udid: R58M33X6VHV}, appium:deviceApiLevel: 30, appium:deviceManufacturer: samsung, appium:deviceModel: SM-A505FN, appium:deviceName: R58M33X6VHV, appium:deviceScreenDensity: 420, appium:deviceScreenSize: 1080x2340, appium:deviceUDID: R58M33X6VHV, appium:javascriptEnabled: true, appium:locationContextEnabled: false, appium:networkConnectionEnabled: true, appium:newCommandTimeout: 180, appium:pixelRatio: 2.625, appium:platformVersion: 11, appium:statBarHeight: 83, appium:takesScreenshot: true, appium:udid: R58M33X6VHV, appium:viewportRect: {height: 2048, left: 0, top: 83, width: 1080}, appium:warnings: {}, appium:webStorageEnabled: false, platformName: ANDROID}\nSession ID: e62f7e98-6b9f-4ff0-8d39-8aeded2a1551\r\n\tat java.base/jdk.internal.reflect.NativeConstructorAccessorImpl.newInstance0(Native Method)\r\n\tat java.base/jdk.internal.reflect.NativeConstructorAccessorImpl.newInstance(NativeConstructorAccessorImpl.java:62)\r\n\tat java.base/jdk.internal.reflect.DelegatingConstructorAccessorImpl.newInstance(DelegatingConstructorAccessorImpl.java:45)\r\n\tat java.base/java.lang.reflect.Constructor.newInstance(Constructor.java:490)\r\n\tat org.openqa.selenium.remote.codec.w3c.W3CHttpResponseCodec.createException(W3CHttpResponseCodec.java:200)\r\n\tat org.openqa.selenium.remote.codec.w3c.W3CHttpResponseCodec.decode(W3CHttpResponseCodec.java:133)\r\n\tat org.openqa.selenium.remote.codec.w3c.W3CHttpResponseCodec.decode(W3CHttpResponseCodec.java:53)\r\n\tat org.openqa.selenium.remote.HttpCommandExecutor.execute(HttpCommandExecutor.java:184)\r\n\tat io.appium.java_client.remote.AppiumCommandExecutor.execute(AppiumCommandExecutor.java:180)\r\n\tat org.openqa.selenium.remote.RemoteWebDriver.execute(RemoteWebDriver.java:547)\r\n\tat org.openqa.selenium.remote.ElementLocation$ElementFinder$2.findElement(ElementLocation.java:162)\r\n\tat org.openqa.selenium.remote.ElementLocation.findElement(ElementLocation.java:60)\r\n\tat org.openqa.selenium.remote.RemoteWebDriver.findElement(RemoteWebDriver.java:365)\r\n\tat org.openqa.selenium.remote.RemoteWebDriver.findElement(RemoteWebDriver.java:357)\r\n\tat pages.IncidentPage.ClickhideIncident(IncidentPage.java:120)\r\n\tat StepsDefinitions.IncidentSteps_POM.user_click_on_the_button_to_hide_closed_incident(IncidentSteps_POM.java:214)\r\n\tat ✽.user click on the button to hide closed incident(file:///C:/Users/Nihel/eclipse-workspace/AutomationEkaraOnCallProject/src/test/resources/Features/3Incident.feature:39)\r\n",
              "duration": 10230046800,
              "status": "failed"
            },
            "line": 39,
            "name": "user click on the button to hide closed incident",
            "match": {
              "location": "StepsDefinitions.IncidentSteps_POM.user_click_on_the_button_to_hide_closed_incident()"
            },
            "keyword": "When "
          },
          {
            "result": {
              "status": "skipped"
            },
            "line": 40,
            "name": "closed incident is hided",
            "match": {
              "location": "StepsDefinitions.IncidentSteps_POM.closed_incident_is_hided()"
            },
            "keyword": "Then "
          }
        ],
        "tags": [
          {
            "name": "@IncidentFeature"
          },
          {
            "name": "@hide_closed_incident"
          }
        ]
      }
    ],
    "name": "feature to test Incident view functionnality",
    "description": "",
    "id": "feature-to-test-incident-view-functionnality",
    "keyword": "Feature",
    "uri": "file:src/test/resources/Features/3Incident.feature",
    "tags": [
      {
        "name": "@IncidentFeature",
        "type": "Tag",
        "location": {
          "line": 3,
          "column": 1
        }
      }
    ]
  },
  {
    "line": 3,
    "elements": [
      {
        "start_timestamp": "2022-10-03T22:47:18.124Z",
        "line": 6,
        "name": "check the functioning of the Information view throw Information Menu",
        "description": "",
        "id": "feature-to-test-information-view-functionnality;check-the-functioning-of-the-information-view-throw-information-menu",
        "type": "scenario",
        "keyword": "Scenario",
        "steps": [
          {
            "result": {
              "status": "passed"
            },
            "line": 7,
            "name": "Application launched",
            "match": {
              "location": "StepsDefinitions.InformationSteps_POM.Application_launched()"
            },
            "keyword": "Given "
          },
          {
            "result": {
              "error_message": "org.openqa.selenium.NoSuchElementException: An element could not be located on the page using the given search parameters.\nFor documentation on this error, please visit: https://selenium.dev/exceptions/#no_such_element\nBuild info: version: \u00274.5.0\u0027, revision: \u0027fe167b119a\u0027\nSystem info: os.name: \u0027Windows 10\u0027, os.arch: \u0027amd64\u0027, os.version: \u002710.0\u0027, java.version: \u002711.0.13\u0027\nDriver info: io.appium.java_client.android.AndroidDriver\nCommand: [e62f7e98-6b9f-4ff0-8d39-8aeded2a1551, findElement {using\u003did, value\u003dcom.iplabel.ekaraoncall:id/info}]\nCapabilities {appium:app: C:\\Users\\Nihel\\eclipse-work..., appium:appPackage: com.iplabel.ekaraoncall, appium:databaseEnabled: false, appium:desired: {app: C:\\Users\\Nihel\\eclipse-work..., deviceName: Galaxy A50, newCommandTimeout: 180, platformName: android, platformVersion: 11, udid: R58M33X6VHV}, appium:deviceApiLevel: 30, appium:deviceManufacturer: samsung, appium:deviceModel: SM-A505FN, appium:deviceName: R58M33X6VHV, appium:deviceScreenDensity: 420, appium:deviceScreenSize: 1080x2340, appium:deviceUDID: R58M33X6VHV, appium:javascriptEnabled: true, appium:locationContextEnabled: false, appium:networkConnectionEnabled: true, appium:newCommandTimeout: 180, appium:pixelRatio: 2.625, appium:platformVersion: 11, appium:statBarHeight: 83, appium:takesScreenshot: true, appium:udid: R58M33X6VHV, appium:viewportRect: {height: 2048, left: 0, top: 83, width: 1080}, appium:warnings: {}, appium:webStorageEnabled: false, platformName: ANDROID}\nSession ID: e62f7e98-6b9f-4ff0-8d39-8aeded2a1551\r\n\tat java.base/jdk.internal.reflect.NativeConstructorAccessorImpl.newInstance0(Native Method)\r\n\tat java.base/jdk.internal.reflect.NativeConstructorAccessorImpl.newInstance(NativeConstructorAccessorImpl.java:62)\r\n\tat java.base/jdk.internal.reflect.DelegatingConstructorAccessorImpl.newInstance(DelegatingConstructorAccessorImpl.java:45)\r\n\tat java.base/java.lang.reflect.Constructor.newInstance(Constructor.java:490)\r\n\tat org.openqa.selenium.remote.codec.w3c.W3CHttpResponseCodec.createException(W3CHttpResponseCodec.java:200)\r\n\tat org.openqa.selenium.remote.codec.w3c.W3CHttpResponseCodec.decode(W3CHttpResponseCodec.java:133)\r\n\tat org.openqa.selenium.remote.codec.w3c.W3CHttpResponseCodec.decode(W3CHttpResponseCodec.java:53)\r\n\tat org.openqa.selenium.remote.HttpCommandExecutor.execute(HttpCommandExecutor.java:184)\r\n\tat io.appium.java_client.remote.AppiumCommandExecutor.execute(AppiumCommandExecutor.java:180)\r\n\tat org.openqa.selenium.remote.RemoteWebDriver.execute(RemoteWebDriver.java:547)\r\n\tat org.openqa.selenium.remote.ElementLocation$ElementFinder$2.findElement(ElementLocation.java:162)\r\n\tat org.openqa.selenium.remote.ElementLocation.findElement(ElementLocation.java:60)\r\n\tat org.openqa.selenium.remote.RemoteWebDriver.findElement(RemoteWebDriver.java:365)\r\n\tat org.openqa.selenium.remote.RemoteWebDriver.findElement(RemoteWebDriver.java:357)\r\n\tat pages.InformationPage.ClickbtnInfo(InformationPage.java:30)\r\n\tat StepsDefinitions.InformationSteps_POM.user_click_on_the_Information_button(InformationSteps_POM.java:28)\r\n\tat ✽.user click on the Information button(file:///C:/Users/Nihel/eclipse-workspace/AutomationEkaraOnCallProject/src/test/resources/Features/4Information.feature:8)\r\n",
              "duration": 3296037500,
              "status": "failed"
            },
            "line": 8,
            "name": "user click on the Information button",
            "match": {
              "location": "StepsDefinitions.InformationSteps_POM.user_click_on_the_Information_button()"
            },
            "keyword": "When "
          },
          {
            "result": {
              "status": "skipped"
            },
            "line": 9,
            "name": "Click on autorise cookies",
            "match": {
              "location": "StepsDefinitions.InformationSteps_POM.Click_on_autorise_cookies()"
            },
            "keyword": "And "
          },
          {
            "result": {
              "duration": 1004400,
              "status": "skipped"
            },
            "line": 10,
            "name": "Open menu",
            "match": {
              "location": "StepsDefinitions.InformationSteps_POM.Open_menu()"
            },
            "keyword": "And "
          },
          {
            "result": {
              "status": "skipped"
            },
            "line": 11,
            "name": "Close menu",
            "match": {
              "location": "StepsDefinitions.InformationSteps_POM.Close_menu()"
            },
            "keyword": "And "
          },
          {
            "result": {
              "status": "skipped"
            },
            "line": 12,
            "name": "check menu is closed",
            "match": {
              "location": "StepsDefinitions.InformationSteps_POM.check_the_menu_Ressources()"
            },
            "keyword": "Then "
          }
        ],
        "tags": [
          {
            "name": "@Information_View"
          }
        ]
      }
    ],
    "name": "feature to test Information view functionnality",
    "description": "",
    "id": "feature-to-test-information-view-functionnality",
    "keyword": "Feature",
    "uri": "file:src/test/resources/Features/4Information.feature",
    "tags": []
  },
  {
    "line": 4,
    "elements": [
      {
        "start_timestamp": "2022-10-03T22:47:21.444Z",
        "line": 7,
        "name": "Deconnect from application throw Deconnect Menu",
        "description": "",
        "id": "feature-to-test-deconnection-vue-functionnality;deconnect-from-application-throw-deconnect-menu",
        "type": "scenario",
        "keyword": "Scenario",
        "steps": [
          {
            "result": {
              "duration": 1003100,
              "status": "passed"
            },
            "line": 8,
            "name": "Application is connected",
            "match": {
              "location": "StepsDefinitions.DeconnexionSteps_POM.application_is_connected()"
            },
            "keyword": "Given "
          },
          {
            "result": {
              "error_message": "org.openqa.selenium.NoSuchElementException: An element could not be located on the page using the given search parameters.\nFor documentation on this error, please visit: https://selenium.dev/exceptions/#no_such_element\nBuild info: version: \u00274.5.0\u0027, revision: \u0027fe167b119a\u0027\nSystem info: os.name: \u0027Windows 10\u0027, os.arch: \u0027amd64\u0027, os.version: \u002710.0\u0027, java.version: \u002711.0.13\u0027\nDriver info: io.appium.java_client.android.AndroidDriver\nCommand: [e62f7e98-6b9f-4ff0-8d39-8aeded2a1551, findElement {using\u003did, value\u003dcom.iplabel.ekaraoncall:id/deconnect}]\nCapabilities {appium:app: C:\\Users\\Nihel\\eclipse-work..., appium:appPackage: com.iplabel.ekaraoncall, appium:databaseEnabled: false, appium:desired: {app: C:\\Users\\Nihel\\eclipse-work..., deviceName: Galaxy A50, newCommandTimeout: 180, platformName: android, platformVersion: 11, udid: R58M33X6VHV}, appium:deviceApiLevel: 30, appium:deviceManufacturer: samsung, appium:deviceModel: SM-A505FN, appium:deviceName: R58M33X6VHV, appium:deviceScreenDensity: 420, appium:deviceScreenSize: 1080x2340, appium:deviceUDID: R58M33X6VHV, appium:javascriptEnabled: true, appium:locationContextEnabled: false, appium:networkConnectionEnabled: true, appium:newCommandTimeout: 180, appium:pixelRatio: 2.625, appium:platformVersion: 11, appium:statBarHeight: 83, appium:takesScreenshot: true, appium:udid: R58M33X6VHV, appium:viewportRect: {height: 2048, left: 0, top: 83, width: 1080}, appium:warnings: {}, appium:webStorageEnabled: false, platformName: ANDROID}\nSession ID: e62f7e98-6b9f-4ff0-8d39-8aeded2a1551\r\n\tat java.base/jdk.internal.reflect.NativeConstructorAccessorImpl.newInstance0(Native Method)\r\n\tat java.base/jdk.internal.reflect.NativeConstructorAccessorImpl.newInstance(NativeConstructorAccessorImpl.java:62)\r\n\tat java.base/jdk.internal.reflect.DelegatingConstructorAccessorImpl.newInstance(DelegatingConstructorAccessorImpl.java:45)\r\n\tat java.base/java.lang.reflect.Constructor.newInstance(Constructor.java:490)\r\n\tat org.openqa.selenium.remote.codec.w3c.W3CHttpResponseCodec.createException(W3CHttpResponseCodec.java:200)\r\n\tat org.openqa.selenium.remote.codec.w3c.W3CHttpResponseCodec.decode(W3CHttpResponseCodec.java:133)\r\n\tat org.openqa.selenium.remote.codec.w3c.W3CHttpResponseCodec.decode(W3CHttpResponseCodec.java:53)\r\n\tat org.openqa.selenium.remote.HttpCommandExecutor.execute(HttpCommandExecutor.java:184)\r\n\tat io.appium.java_client.remote.AppiumCommandExecutor.execute(AppiumCommandExecutor.java:180)\r\n\tat org.openqa.selenium.remote.RemoteWebDriver.execute(RemoteWebDriver.java:547)\r\n\tat org.openqa.selenium.remote.ElementLocation$ElementFinder$2.findElement(ElementLocation.java:162)\r\n\tat org.openqa.selenium.remote.ElementLocation.findElement(ElementLocation.java:60)\r\n\tat org.openqa.selenium.remote.RemoteWebDriver.findElement(RemoteWebDriver.java:365)\r\n\tat org.openqa.selenium.remote.RemoteWebDriver.findElement(RemoteWebDriver.java:357)\r\n\tat pages.DeconnexionPage.Clickbtnlogout(DeconnexionPage.java:16)\r\n\tat StepsDefinitions.DeconnexionSteps_POM.user_click_on_the_logout_button(DeconnexionSteps_POM.java:27)\r\n\tat ✽.user click on the logout button(file:///C:/Users/Nihel/eclipse-workspace/AutomationEkaraOnCallProject/src/test/resources/Features/5Deconnexion.feature:9)\r\n",
              "duration": 4218552100,
              "status": "failed"
            },
            "line": 9,
            "name": "user click on the logout button",
            "match": {
              "location": "StepsDefinitions.DeconnexionSteps_POM.user_click_on_the_logout_button()"
            },
            "keyword": "When "
          },
          {
            "result": {
              "status": "skipped"
            },
            "line": 10,
            "name": "Application is Deconnected",
            "match": {
              "location": "StepsDefinitions.DeconnexionSteps_POM.Deconnected_Application()"
            },
            "keyword": "Then "
          }
        ],
        "tags": [
          {
            "name": "@DeconnexionFeature"
          },
          {
            "name": "@Deconnection_View"
          }
        ]
      }
    ],
    "name": "feature to test Deconnection vue functionnality",
    "description": "",
    "id": "feature-to-test-deconnection-vue-functionnality",
    "keyword": "Feature",
    "uri": "file:src/test/resources/Features/5Deconnexion.feature",
    "tags": [
      {
        "name": "@DeconnexionFeature",
        "type": "Tag",
        "location": {
          "line": 3,
          "column": 1
        }
      }
    ]
  }
]