<?xml version="1.0" encoding="UTF-8"?>
<testng-results ignored="0" total="0" passed="0" failed="0" skipped="0">
  <reporter-output>
  </reporter-output>
  <suite started-at="2022-09-18T16:06:45 CET" name="Default suite" finished-at="2022-09-18T16:06:54 CET" duration-ms="9094">
    <groups>
    </groups>
    <test started-at="2022-09-18T16:06:45 CET" name="Default test" finished-at="2022-09-18T16:06:54 CET" duration-ms="9094">
      <class name="StepsDefinitions.AuthentificationSteps">
        <test-method is-config="true" signature="setup()[pri:0, instance:StepsDefinitions.AuthentificationSteps@f09733f]" started-at="2022-09-18T16:06:45 CET" name="setup" finished-at="2022-09-18T16:06:54 CET" duration-ms="9075" status="PASS">
          <reporter-output>
          </reporter-output>
        </test-method> <!-- setup -->
      </class> <!-- StepsDefinitions.AuthentificationSteps -->
    </test> <!-- Default test -->
  </suite> <!-- Default suite -->
</testng-results>
