<?xml version="1.0" encoding="UTF-8" standalone="no"?>
<testsuite errors="0" failures="0" name="io.cucumber.core.plugin.JUnitFormatter" skipped="0" tests="11" time="184.533">
    <testcase classname="feature to test authentification functionnality" name="check login is refused with Invalid credentiels" time="25.41">
        <system-out>
            <![CDATA[Given user is on login page.................................................passed
When user enter etudiant.nihel.dakhlaoui@uvt.tn and Ekaraoncall321!.........passed
And user clicks on eye to show password.....................................passed
And user clicks on remember me..............................................passed
And user clicks on valide button............................................passed
Then Error message displayed................................................passed
]]>
        </system-out>
    </testcase>
    <testcase classname="feature to test authentification functionnality" name="check login is successiful with valid credentiels" time="25.184">
        <system-out>
            <![CDATA[Given user is on login page.................................................passed
When user enter etudiant.nihel.dakhlaoui@uvt.tn and Ekaraoncall123!.........passed
And user clicks on eye to show password.....................................passed
And user clicks on remember me..............................................passed
And user clicks on valide button............................................passed
Then user is redirected to the home page Console............................passed
]]>
        </system-out>
    </testcase>
    <testcase classname="feature to test Console vue functionnality" name="check the functioning of the console view through the second workspaces" time="12.888">
        <system-out>
            <![CDATA[Given user is on  Console page..............................................passed
When user click on the workspace dropdown...................................passed
And user choice the second workspace........................................passed
Then the scenario consoles of the second workspace appear...................passed
]]>
        </system-out>
    </testcase>
    <testcase classname="feature to test Console vue functionnality" name="check the functioning of the console view through the Third workspaces" time="12.381">
        <system-out>
            <![CDATA[Given user is on  Console page..............................................passed
When user click on the workspace dropdown...................................passed
And user choice the third workspace.........................................passed
Then the scenario consoles of the third workspace appear....................passed
]]>
        </system-out>
    </testcase>
    <testcase classname="feature to test Incident view functionnality" name="Display the incident vue throw Incident Menu" time="7.062">
        <system-out>
            <![CDATA[Given Application was launched..............................................passed
When user click on the Incident button......................................passed
Then the Incident view display..............................................passed
]]>
        </system-out>
    </testcase>
    <testcase classname="feature to test Incident view functionnality" name="check the functioning of the Incident view through the second workspaces" time="10.094">
        <system-out>
            <![CDATA[Given user is on  Incident page.............................................passed
When user click on workspace dropdown.......................................passed
And user choice the second workspace........................................passed
Then the scenario Incidents of the second workspace appear..................passed
]]>
        </system-out>
    </testcase>
    <testcase classname="feature to test Incident view functionnality" name="Show the closed incident" time="13.153">
        <system-out>
            <![CDATA[Given Incident view was launched............................................passed
When user click on the button to show closed incident.......................passed
Then closed incidents are displayed.........................................passed
]]>
        </system-out>
    </testcase>
    <testcase classname="feature to test Incident view functionnality" name="Details of incident" time="35.525">
        <system-out>
            <![CDATA[Given Closed Incident are displayed.........................................passed
When user click on the incident to display the details......................passed
And Open date of incident is displayed......................................passed
And close date of incident is displayed.....................................passed
And duration of incident is displayed.......................................passed
And events triggers is displayed............................................passed
And user click on show details of test button...............................passed
Then redirection to navigator view of Ekara.................................passed
]]>
        </system-out>
    </testcase>
    <testcase classname="feature to test Incident view functionnality" name="Hide the closed incident" time="15.144">
        <system-out>
            <![CDATA[Given Closed incident was displayed.........................................passed
When user click on the button to hide closed incident.......................passed
Then closed incident is hided...............................................passed
]]>
        </system-out>
    </testcase>
    <testcase classname="feature to test Information view functionnality" name="check the functioning of the Information view throw Information Menu" time="18.664">
        <system-out>
            <![CDATA[Given Application launched..................................................passed
When user click on the Information button...................................passed
And Click on autorise cookies...............................................passed
And Open menu...............................................................passed
And Close menu..............................................................passed
Then check menu is closed...................................................passed
]]>
        </system-out>
    </testcase>
    <testcase classname="feature to test Deconnection vue functionnality" name="Deconnect from application throw Deconnect Menu" time="8.539">
        <system-out>
            <![CDATA[Given Application is connected..............................................passed
When user click on the logout button........................................passed
Then Application is Deconnected.............................................passed
]]>
        </system-out>
    </testcase>
</testsuite>
